<?xml version='1.0' encoding='UTF-8'?>
<testsuite hostname="sh-shengli" name="etl.ff.TestMapping" tests="2" errors="0" failures="0" time="0.019">
                <properties>
[...]
</properties>
                <testcase classname="etl.ff.TestMapping" name="test can get correct game log ? test get ff14_item_get_log rules" time="0.019"> 
                    </testcase><testcase classname="etl.ff.TestMapping" name="test can get correct game log ? test get non-exists rules" time="0.0"> 
                    </testcase>
                <system-out></system-out>
                <system-err></system-err>
                </testsuite>