[0m[[0mdebug[0m] [0mRunning TaskDef(com.shengli.test.TestRegex, org.scalatest.tools.Framework$$anon$1@5f859977, false, [SuiteSelector])[0m
[0m[[0mdebug[0m] [0mRunning TaskDef(com.shengli.test.AlbumTest, org.scalatest.tools.Framework$$anon$1@5f859977, false, [SuiteSelector])[0m
[0m[[0mdebug[0m] [0mRunning TaskDef(com.shengli.test.givenwhenthen.AlbumSpec, org.scalatest.tools.Framework$$anon$1@5f859977, false, [SuiteSelector])[0m
[0m[[0mdebug[0m] [0mRunning TaskDef(etl.ff.TestMapping, org.scalatest.tools.Framework$$anon$1@5f859977, false, [SuiteSelector])[0m
[0m[[0mdebug[0m] [0mRunning TaskDef(etl.ff.TestVFS, org.scalatest.tools.Framework$$anon$1@5f859977, false, [SuiteSelector])[0m
[0m[[0minfo[0m] [0m[36mRun completed in 15 seconds, 754 milliseconds.[0m[0m
[0m[[0minfo[0m] [0m[36mTotal number of tests run: 6[0m[0m
[0m[[0minfo[0m] [0m[36mSuites: completed 5, aborted 0[0m[0m
[0m[[0minfo[0m] [0m[36mTests: succeeded 5, failed 1, canceled 0, ignored 0, pending 0[0m[0m
[0m[[0minfo[0m] [0m[31m*** 1 TEST FAILED ***[0m[0m
[0m[[0mdebug[0m] [0mPassed tests:[0m
[0m[[0mdebug[0m] [0m	etl.ff.TestMapping[0m
[0m[[0mdebug[0m] [0m	com.shengli.test.TestRegex[0m
[0m[[0mdebug[0m] [0m	com.shengli.test.givenwhenthen.AlbumSpec[0m
[0m[[0mdebug[0m] [0m	etl.ff.TestVFS[0m
[0m[[31merror[0m] [0mFailed tests:[0m
[0m[[31merror[0m] [0m	com.shengli.test.AlbumTest[0m
[0m[[31merror[0m] [0m(test:[31mtest[0m) sbt.TestsFailedException: Tests unsuccessful[0m
